{"level":"info","message":"Created directory: uploads\\others"}
{"level":"info","message":"Uploading to: uploads\\others"}
{"level":"info","message":"File saved as: 1744057368137-Caste_Certificate.pdf"}
{"level":"info","message":"Uploading to: uploads\\others"}
{"level":"info","message":"File saved as: 1744057368145-Caste_Certificate.pdf"}
{"level":"info","message":"Uploading to: uploads\\others"}
{"level":"info","message":"File saved as: 1744057644290-Caste_Certificate.pdf"}
{"level":"info","message":"Uploading to: uploads\\others"}
{"level":"info","message":"File saved as: 1744057644293-Caste_Certificate.pdf"}
{"level":"info","message":"Created directory: uploads\\birth_certificate"}
{"level":"info","message":"Uploading to: uploads\\birth_certificate"}
{"level":"info","message":"File saved as: 1744057668827-Caste_Certificate.pdf"}
{"level":"info","message":"Uploading to: uploads\\birth_certificate"}
{"level":"info","message":"File saved as: 1744057668843-Caste_Certificate.pdf"}
{"level":"info","message":"Uploading to: uploads\\birth_certificate"}
{"level":"info","message":"File saved as: 1744060687402-Caste_Certificate.pdf"}
{"level":"info","message":"Uploading to: uploads\\birth_certificate"}
{"level":"info","message":"File saved as: 1744060687406-Caste_Certificate.pdf"}
{"level":"info","message":"Uploading to: uploads\\birth_certificate"}
{"level":"info","message":"File saved as: 1744060828721-Caste_Certificate.pdf"}
{"level":"info","message":"Uploading to: uploads\\birth_certificate"}
{"level":"info","message":"File saved as: 1744060828724-Amrutha_Paalathara.pdf"}
{"level":"info","message":"Uploading to: uploads\\birth_certificate"}
{"level":"info","message":"File saved as: 1744062134072-Caste_Certificate.pdf"}
{"level":"info","message":"Uploading to: uploads\\birth_certificate"}
{"level":"info","message":"File saved as: 1744062134080-Amrutha_Paalathara.pdf"}
{"level":"info","message":"Uploading to: uploads\\birth_certificate"}
{"level":"info","message":"File saved as: 1744062463008-Caste_Certificate.pdf"}
{"level":"info","message":"Uploading to: uploads\\birth_certificate"}
{"level":"info","message":"File saved as: 1744062463014-Amrutha_Paalathara.pdf"}
{"level":"info","message":"Uploading to: uploads\\birth_certificate"}
{"level":"info","message":"File saved as: 1744062479711-Caste_Certificate.pdf"}
{"level":"info","message":"Uploading to: uploads\\birth_certificate"}
{"level":"info","message":"File saved as: 1744062479715-Amrutha_Paalathara.pdf"}
{"level":"info","message":"Uploading to: uploads\\birth_certificate"}
{"level":"info","message":"File saved as: 1744062516381-Caste_Certificate.pdf"}
{"level":"info","message":"Uploading to: uploads\\birth_certificate"}
{"level":"info","message":"File saved as: 1744062516395-Amrutha_Paalathara.pdf"}
{"level":"info","message":"Uploading to: uploads\\birth_certificate"}
{"level":"info","message":"File saved as: 1744091494504-Caste_Certificate.pdf"}
{"level":"info","message":"Uploading to: uploads\\birth_certificate"}
{"level":"info","message":"File saved as: 1744091494513-Amrutha_Paalathara.pdf"}
{"level":"info","message":"Uploading to: uploads\\birth_certificate"}
{"level":"info","message":"File saved as: 1744093684110-Caste_Certificate.pdf"}
{"level":"info","message":"Uploading to: uploads\\birth_certificate"}
{"level":"info","message":"File saved as: 1744093684116-Amrutha_Paalathara.pdf"}
{"level":"info","message":"Uploading to: uploads\\birth_certificate"}
{"level":"info","message":"File saved as: 1744099727946-Caste_Certificate.pdf"}
{"level":"info","message":"Uploading to: uploads\\birth_certificate"}
{"level":"info","message":"File saved as: 1744099727951-Amrutha_Paalathara.pdf"}
{"level":"info","message":"Uploading to: uploads\\birth_certificate"}
{"level":"info","message":"File saved as: 1744100689064-Caste_Certificate.pdf"}
{"level":"info","message":"Uploading to: uploads\\birth_certificate"}
{"level":"info","message":"File saved as: 1744100689068-Amrutha_Paalathara.pdf"}
{"level":"info","message":"Uploading to: uploads\\birth_certificate"}
{"level":"info","message":"File saved as: 1744101802362-Caste_Certificate.pdf"}
{"level":"info","message":"Uploading to: uploads\\birth_certificate"}
{"level":"info","message":"File saved as: 1744101802366-Amrutha_Paalathara.pdf"}
{"level":"info","message":"Uploading to: uploads\\birth_certificate"}
{"level":"info","message":"File saved as: 1744103065669-Caste_Certificate.pdf"}
{"level":"info","message":"Uploading to: uploads\\birth_certificate"}
{"level":"info","message":"File saved as: 1744103065673-Amrutha_Paalathara.pdf"}
{"level":"info","message":"Uploading to: uploads\\birth_certificate"}
{"level":"info","message":"File saved as: 1744114012505-Caste_Certificate.pdf"}
{"level":"info","message":"Uploading to: uploads\\birth_certificate"}
{"level":"info","message":"File saved as: 1744114012510-Amrutha_Paalathara.pdf"}
{"level":"info","message":"Uploading to: uploads\\birth_certificate"}
{"level":"info","message":"File saved as: 1744114032641-Caste_Certificate.pdf"}
{"level":"info","message":"Uploading to: uploads\\birth_certificate"}
{"level":"info","message":"File saved as: 1744114032645-Amrutha_Paalathara.pdf"}
{"level":"info","message":"Uploading to: uploads\\birth_certificate"}
{"level":"info","message":"File saved as: 1744114625022-Caste_Certificate.pdf"}
{"level":"info","message":"Uploading to: uploads\\birth_certificate"}
{"level":"info","message":"File saved as: 1744114625026-Amrutha_Paalathara.pdf"}
{"level":"info","message":"Uploading to: uploads\\birth_certificate"}
{"level":"info","message":"File saved as: 1744115512864-Caste_Certificate.pdf"}
{"level":"info","message":"Uploading to: uploads\\birth_certificate"}
{"level":"info","message":"File saved as: 1744115512870-Amrutha_Paalathara.pdf"}
{"level":"info","message":"Uploading to: uploads\\birth_certificate"}
{"level":"info","message":"File saved as: 1744117049992-Caste_Certificate.pdf"}
{"level":"info","message":"Uploading to: uploads\\birth_certificate"}
{"level":"info","message":"File saved as: 1744117049997-Amrutha_Paalathara.pdf"}
{"level":"info","message":"Uploading to: uploads\\birth_certificate"}
{"level":"info","message":"File saved as: 1744117214600-Caste_Certificate.pdf"}
{"level":"info","message":"Uploading to: uploads\\birth_certificate"}
{"level":"info","message":"File saved as: 1744117214606-Amrutha_Paalathara.pdf"}
{"level":"info","message":"Uploading to: uploads\\birth_certificate"}
{"level":"info","message":"File saved as: 1744117336451-Caste_Certificate.pdf"}
{"level":"info","message":"Uploading to: uploads\\birth_certificate"}
{"level":"info","message":"File saved as: 1744117336456-Amrutha_Paalathara.pdf"}
{"level":"info","message":"Uploading to: uploads\\birth_certificate"}
{"level":"info","message":"File saved as: 1744134753117-Caste_Certificate.pdf"}
{"level":"info","message":"Uploading to: uploads\\birth_certificate"}
{"level":"info","message":"File saved as: 1744134753122-Amrutha_Paalathara.pdf"}
{"level":"info","message":"Created directory: uploads\\income_certificate"}
{"level":"info","message":"Uploading to: uploads\\income_certificate"}
{"level":"info","message":"File saved as: 1744142476040-Caste_Certificate.pdf"}
{"level":"info","message":"Uploading to: uploads\\income_certificate"}
{"level":"info","message":"File saved as: 1744142476048-Amrutha_Paalathara.pdf"}
{"level":"info","message":"Created directory: uploads\\domicile_certificate"}
{"level":"info","message":"Uploading to: uploads\\domicile_certificate"}
{"level":"info","message":"File saved as: 1744365051901-API_Details.pdf"}
{"level":"info","message":"Uploading to: uploads\\domicile_certificate"}
{"level":"info","message":"File saved as: 1744365051905-API_Details.pdf"}
{"level":"info","message":"Uploading to: uploads\\income_certificate"}
{"level":"info","message":"File saved as: 1744365785669-API_Details.pdf"}
{"level":"info","message":"Uploading to: uploads\\income_certificate"}
{"level":"info","message":"File saved as: 1744365785678-API_Details.pdf"}
{"level":"info","message":"Created directory: uploads\\land_records"}
{"level":"info","message":"Uploading to: uploads\\land_records"}
{"level":"info","message":"File saved as: 1744366627016-API_Details.pdf"}
{"level":"info","message":"Uploading to: uploads\\land_records"}
{"level":"info","message":"File saved as: 1744366627019-API_Details.pdf"}
{"level":"info","message":"Created directory: uploads\\marriage_certificate"}
{"level":"info","message":"Uploading to: uploads\\marriage_certificate"}
{"level":"info","message":"File saved as: 1744367173747-API_Details.pdf"}
{"level":"info","message":"Uploading to: uploads\\marriage_certificate"}
{"level":"info","message":"File saved as: 1744367173754-API_Details.pdf"}
{"level":"info","message":"Uploading to: uploads\\income_certificate"}
{"level":"info","message":"File saved as: 1744367905858-Amrutha_Paalathara.pdf"}
{"level":"info","message":"Uploading to: uploads\\income_certificate"}
{"level":"info","message":"File saved as: 1744367905864-Proposal___Maha_Hackathon___Problem_1__Use_of_AI_in_Governance.pdf"}
{"level":"info","message":"Uploading to: uploads\\income_certificate"}
{"level":"info","message":"File saved as: 1744368416172-Amrutha_Paalathara.pdf"}
{"level":"info","message":"Uploading to: uploads\\income_certificate"}
{"level":"info","message":"File saved as: 1744368416182-Proposal___Maha_Hackathon___Problem_1__Use_of_AI_in_Governance.pdf"}
{"level":"info","message":"Uploading to: uploads\\income_certificate"}
{"level":"info","message":"File saved as: 1744369544911-Amrutha_Paalathara.pdf"}
{"level":"info","message":"Uploading to: uploads\\income_certificate"}
{"level":"info","message":"File saved as: 1744369544919-Proposal___Maha_Hackathon___Problem_1__Use_of_AI_in_Governance.pdf"}
{"level":"info","message":"Uploading to: uploads\\income_certificate"}
{"level":"info","message":"File saved as: 1744370835620-Amrutha_Paalathara.pdf"}
{"level":"info","message":"Uploading to: uploads\\income_certificate"}
{"level":"info","message":"File saved as: 1744370835627-Proposal___Maha_Hackathon___Problem_1__Use_of_AI_in_Governance.pdf"}
{"level":"info","message":"Uploading to: uploads\\income_certificate"}
{"level":"info","message":"File saved as: 1744371091747-Amrutha_Paalathara.pdf"}
{"level":"info","message":"Uploading to: uploads\\income_certificate"}
{"level":"info","message":"File saved as: 1744371091755-Proposal___Maha_Hackathon___Problem_1__Use_of_AI_in_Governance.pdf"}
{"level":"info","message":"Created directory: uploads\\educational_certificates"}
{"level":"info","message":"Uploading to: uploads\\educational_certificates"}
{"level":"info","message":"File saved as: 1744371117632-API_Details.pdf"}
{"level":"info","message":"Uploading to: uploads\\educational_certificates"}
{"level":"info","message":"File saved as: 1744371117638-API_Details.pdf"}
{"level":"info","message":"Uploading to: uploads\\land_records"}
{"level":"info","message":"File saved as: 1744371328490-API_Details.pdf"}
{"level":"info","message":"Uploading to: uploads\\land_records"}
{"level":"info","message":"File saved as: 1744371328495-API_Details.pdf"}
{"level":"info","message":"Created directory: uploads\\property_documents"}
{"level":"info","message":"Uploading to: uploads\\property_documents"}
{"level":"info","message":"File saved as: 1744371911373-API_Details.pdf"}
{"level":"info","message":"Uploading to: uploads\\property_documents"}
{"level":"info","message":"File saved as: 1744371911378-API_Details.pdf"}
{"level":"info","message":"Uploading to: uploads\\land_records"}
{"level":"info","message":"File saved as: 1744372328282-API_Details.pdf"}
{"level":"info","message":"Uploading to: uploads\\land_records"}
{"level":"info","message":"File saved as: 1744372328287-API_Details.pdf"}
{"level":"info","message":"Uploading to: uploads\\domicile_certificate"}
{"level":"info","message":"File saved as: 1744372544706-API_Details.pdf"}
{"level":"info","message":"Uploading to: uploads\\domicile_certificate"}
{"level":"info","message":"File saved as: 1744372544711-API_Details.pdf"}
{"level":"info","message":"Uploading to: uploads\\domicile_certificate"}
{"level":"info","message":"File saved as: 1744372552880-API_Details.pdf"}
{"level":"info","message":"Uploading to: uploads\\domicile_certificate"}
{"level":"info","message":"File saved as: 1744372552938-API_Details.pdf"}
{"level":"info","message":"Uploading to: uploads\\marriage_certificate"}
{"level":"info","message":"File saved as: 1744399131416-API_Details.pdf"}
{"level":"info","message":"Uploading to: uploads\\marriage_certificate"}
{"level":"info","message":"File saved as: 1744399131421-Proposal___Maha_Hackathon___Problem_1__Use_of_AI_in_Governance.pdf"}
{"level":"info","message":"Uploading to: uploads\\marriage_certificate"}
{"level":"info","message":"File saved as: 1744399163759-API_Details.pdf"}
{"level":"info","message":"Uploading to: uploads\\marriage_certificate"}
{"level":"info","message":"File saved as: 1744399163763-Proposal___Maha_Hackathon___Problem_1__Use_of_AI_in_Governance.pdf"}
{"level":"info","message":"Created directory: uploads\\marriage_certificate"}
{"level":"info","message":"Uploading to: uploads\\marriage_certificate"}
{"level":"info","message":"File saved as: 1744405586331-Proposal___Maha_Hackathon___Problem_1__Use_of_AI_in_Governance.pdf"}
{"level":"info","message":"Uploading to: uploads\\marriage_certificate"}
{"level":"info","message":"File saved as: 1744405586346-API_Details.pdf"}
{"level":"info","message":"Created directory: uploads\\income_certificate"}
{"level":"info","message":"Uploading to: uploads\\income_certificate"}
{"level":"info","message":"File saved as: 1744432270041-API_Details.pdf"}
{"level":"info","message":"Uploading to: uploads\\income_certificate"}
{"level":"info","message":"File saved as: 1744432270045-Proposal___Maha_Hackathon___Problem_1__Use_of_AI_in_Governance.pdf"}
{"level":"info","message":"Created directory: uploads\\caste_certificate"}
{"level":"info","message":"Uploading to: uploads\\caste_certificate"}
{"level":"info","message":"File saved as: 1744439430727-Proposal___Maha_Hackathon___Problem_1__Use_of_AI_in_Governance.pdf"}
{"level":"info","message":"Uploading to: uploads\\caste_certificate"}
{"level":"info","message":"File saved as: 1744439430734-API_Details.pdf"}
{"level":"info","message":"Created directory: uploads\\land_records"}
{"level":"info","message":"Uploading to: uploads\\land_records"}
{"level":"info","message":"File saved as: 1744440437646-Caste_Certificate.pdf"}
{"level":"info","message":"Uploading to: uploads\\land_records"}
{"level":"info","message":"File saved as: 1744440437651-Amrutha_Paalathara_Resume.pdf"}
{"level":"info","message":"Created directory: uploads\\pension_documents"}
{"level":"info","message":"Uploading to: uploads\\pension_documents"}
{"level":"info","message":"File saved as: 1744440656631-Amrutha_Paalathara_Resume.pdf"}
{"level":"info","message":"Uploading to: uploads\\pension_documents"}
{"level":"info","message":"File saved as: 1744440656641-Caste_Certificate.pdf"}
